<?xml version="1.0" encoding="UTF-8"?>
<testsuite name="TestSuite" time="115.158" tests="2" errors="0" skipped="0" failures="2">
  <properties>
[...]
</properties>
  <testcase name="SelTe" classname="Pipeline.JenkinC.SecondSelTest" time="57.579">
    <failure message="Process unexpectedly closed with status: 0&#10;Build info: version: &apos;3.7.1&apos;, revision: &apos;8a0099a&apos;, time: &apos;2017-11-06T21:01:39.354Z&apos;&#10;System info: host: &apos;LT059498&apos;, ip: &apos;192.168.43.244&apos;, os.name: &apos;Windows 7&apos;, os.arch: &apos;amd64&apos;, os.version: &apos;6.1&apos;, java.version: &apos;1.8.0_74&apos;&#10;Driver info: driver.version: FirefoxDriver&#10;remote stacktrace: stack backtrace:&#10;   0:           0x47e934 - &lt;no info&gt;&#10;   1:           0x47f0a3 - &lt;no info&gt;&#10;   2:           0x442649 - &lt;no info&gt;&#10;   3:           0x449cc3 - &lt;no info&gt;&#10;   4:           0x42a890 - &lt;no info&gt;&#10;   5:           0x406f5e - &lt;no info&gt;&#10;   6:           0x40cfc9 - &lt;no info&gt;&#10;   7:           0x6bef19 - &lt;no info&gt;&#10;   8:           0x420756 - &lt;no info&gt;&#10;   9:           0x6b96e0 - &lt;no info&gt;&#10;  10:         0x772659cd - BaseThreadInitThunk" type="org.openqa.selenium.WebDriverException"><![CDATA[org.openqa.selenium.WebDriverException: Process unexpectedly closed with status: 0
Build info: version: '3.7.1', revision: '8a0099a', time: '2017-11-06T21:01:39.354Z'
System info: host: 'LT059498', ip: '192.168.43.244', os.name: 'Windows 7', os.arch: 'amd64', os.version: '6.1', java.version: '1.8.0_74'
Driver info: driver.version: FirefoxDriver
remote stacktrace: stack backtrace:
   0:           0x47e934 - <no info>
   1:           0x47f0a3 - <no info>
   2:           0x442649 - <no info>
   3:           0x449cc3 - <no info>
   4:           0x42a890 - <no info>
   5:           0x406f5e - <no info>
   6:           0x40cfc9 - <no info>
   7:           0x6bef19 - <no info>
   8:           0x420756 - <no info>
   9:           0x6b96e0 - <no info>
  10:         0x772659cd - BaseThreadInitThunk
	at sun.reflect.NativeConstructorAccessorImpl.newInstance0(Native Method)
	at sun.reflect.NativeConstructorAccessorImpl.newInstance(NativeConstructorAccessorImpl.java:62)
	at sun.reflect.DelegatingConstructorAccessorImpl.newInstance(DelegatingConstructorAccessorImpl.java:45)
	at java.lang.reflect.Constructor.newInstance(Constructor.java:423)
	at org.openqa.selenium.remote.W3CHandshakeResponse.lambda$new$0(W3CHandshakeResponse.java:57)
	at org.openqa.selenium.remote.W3CHandshakeResponse.lambda$getResponseFunction$2(W3CHandshakeResponse.java:104)
	at org.openqa.selenium.remote.ProtocolHandshake.lambda$createSession$0(ProtocolHandshake.java:123)
	at java.util.stream.ReferencePipeline$3$1.accept(ReferencePipeline.java:193)
	at java.util.Spliterators$ArraySpliterator.tryAdvance(Spliterators.java:958)
	at java.util.stream.ReferencePipeline.forEachWithCancel(ReferencePipeline.java:126)
	at java.util.stream.AbstractPipeline.copyIntoWithCancel(AbstractPipeline.java:498)
	at java.util.stream.AbstractPipeline.copyInto(AbstractPipeline.java:485)
	at java.util.stream.AbstractPipeline.wrapAndCopyInto(AbstractPipeline.java:471)
	at java.util.stream.FindOps$FindOp.evaluateSequential(FindOps.java:152)
	at java.util.stream.AbstractPipeline.evaluate(AbstractPipeline.java:234)
	at java.util.stream.ReferencePipeline.findFirst(ReferencePipeline.java:464)
	at org.openqa.selenium.remote.ProtocolHandshake.createSession(ProtocolHandshake.java:126)
	at org.openqa.selenium.remote.ProtocolHandshake.createSession(ProtocolHandshake.java:73)
	at org.openqa.selenium.remote.HttpCommandExecutor.execute(HttpCommandExecutor.java:142)
	at org.openqa.selenium.remote.service.DriverCommandExecutor.execute(DriverCommandExecutor.java:83)
	at org.openqa.selenium.remote.RemoteWebDriver.execute(RemoteWebDriver.java:600)
	at org.openqa.selenium.remote.RemoteWebDriver.startSession(RemoteWebDriver.java:219)
	at org.openqa.selenium.remote.RemoteWebDriver.<init>(RemoteWebDriver.java:142)
	at org.openqa.selenium.firefox.FirefoxDriver.<init>(FirefoxDriver.java:120)
	at org.openqa.selenium.firefox.FirefoxDriver.<init>(FirefoxDriver.java:98)
	at Pipeline.JenkinC.SecondSelTest.SelTe(SecondSelTest.java:15)
]]></failure>
    <system-out><![CDATA[SecondSelTest
SeleniumTest
]]></system-out>
    <system-err><![CDATA[1514779532489	geckodriver	INFO	geckodriver 0.19.1
1514779532536	geckodriver	INFO	Listening on 127.0.0.1:15530
1514779533069	geckodriver	INFO	geckodriver 0.19.1
1514779533131	geckodriver	INFO	Listening on 127.0.0.1:7300
1514779534301	mozrunner::runner	INFO	Running command: "C:\\Program Files\\Mozilla Firefox\\firefox.exe" "-marionette" "-profile" "C:\\windows\\TEMP\\rust_mozprofile.dLccREMpL2gW"
1514779534301	mozrunner::runner	INFO	Running command: "C:\\Program Files\\Mozilla Firefox\\firefox.exe" "-marionette" "-profile" "C:\\windows\\TEMP\\rust_mozprofile.9YvZHvYTmRpt"

###!!! [Parent][MessageChannel] Error: (msgtype=0x2C0092,name=PBrowser::Msg_UpdateNativeWindowHandle) Channel error: cannot send/recv


###!!! [Parent][MessageChannel] Error: (msgtype=0x2C0085,name=PBrowser::Msg_Destroy) Channel error: cannot send/recv


###!!! [Parent][MessageChannel] Error: (msgtype=0x2C0092,name=PBrowser::Msg_UpdateNativeWindowHandle) Channel error: cannot send/recv


###!!! [Parent][MessageChannel] Error: (msgtype=0x2C0085,name=PBrowser::Msg_Destroy) Channel error: cannot send/recv

JavaScript error: resource://app/modules/ContentCrashHandlers.jsm, line 137: TypeError: browser.permanentKey is not a non-null object

###!!! [Parent][MessageChannel] Error: (msgtype=0x2C0092,name=PBrowser::Msg_UpdateNativeWindowHandle) Channel error: cannot send/recv


###!!! [Parent][MessageChannel] Error: (msgtype=0x2C0085,name=PBrowser::Msg_Destroy) Channel error: cannot send/recv

JavaScript error: resource://app/modules/ContentCrashHandlers.jsm, line 137: TypeError: browser.permanentKey is not a non-null object

###!!! [Parent][MessageChannel] Error: (msgtype=0x2C0092,name=PBrowser::Msg_UpdateNativeWindowHandle) Channel error: cannot send/recv


###!!! [Parent][MessageChannel] Error: (msgtype=0x2C0085,name=PBrowser::Msg_Destroy) Channel error: cannot send/recv

1514779575348	Marionette	INFO	Listening on port 2828
1514779575357	Marionette	INFO	Listening on port 2828
]]></system-err>
  </testcase>
  <testcase name="testfun1" classname="Pipeline.JenkinC.SeleniumTest" time="57.579">
    <failure message="Process unexpectedly closed with status: 0&#10;Build info: version: &apos;3.7.1&apos;, revision: &apos;8a0099a&apos;, time: &apos;2017-11-06T21:01:39.354Z&apos;&#10;System info: host: &apos;LT059498&apos;, ip: &apos;192.168.43.244&apos;, os.name: &apos;Windows 7&apos;, os.arch: &apos;amd64&apos;, os.version: &apos;6.1&apos;, java.version: &apos;1.8.0_74&apos;&#10;Driver info: driver.version: FirefoxDriver&#10;remote stacktrace: stack backtrace:&#10;   0:           0x47e934 - &lt;no info&gt;&#10;   1:           0x47f0a3 - &lt;no info&gt;&#10;   2:           0x442649 - &lt;no info&gt;&#10;   3:           0x449cc3 - &lt;no info&gt;&#10;   4:           0x42a890 - &lt;no info&gt;&#10;   5:           0x406f5e - &lt;no info&gt;&#10;   6:           0x40cfc9 - &lt;no info&gt;&#10;   7:           0x6bef19 - &lt;no info&gt;&#10;   8:           0x420756 - &lt;no info&gt;&#10;   9:           0x6b96e0 - &lt;no info&gt;&#10;  10:         0x772659cd - BaseThreadInitThunk" type="org.openqa.selenium.WebDriverException"><![CDATA[org.openqa.selenium.WebDriverException: Process unexpectedly closed with status: 0
Build info: version: '3.7.1', revision: '8a0099a', time: '2017-11-06T21:01:39.354Z'
System info: host: 'LT059498', ip: '192.168.43.244', os.name: 'Windows 7', os.arch: 'amd64', os.version: '6.1', java.version: '1.8.0_74'
Driver info: driver.version: FirefoxDriver
remote stacktrace: stack backtrace:
   0:           0x47e934 - <no info>
   1:           0x47f0a3 - <no info>
   2:           0x442649 - <no info>
   3:           0x449cc3 - <no info>
   4:           0x42a890 - <no info>
   5:           0x406f5e - <no info>
   6:           0x40cfc9 - <no info>
   7:           0x6bef19 - <no info>
   8:           0x420756 - <no info>
   9:           0x6b96e0 - <no info>
  10:         0x772659cd - BaseThreadInitThunk
	at sun.reflect.NativeConstructorAccessorImpl.newInstance0(Native Method)
	at sun.reflect.NativeConstructorAccessorImpl.newInstance(NativeConstructorAccessorImpl.java:62)
	at sun.reflect.DelegatingConstructorAccessorImpl.newInstance(DelegatingConstructorAccessorImpl.java:45)
	at java.lang.reflect.Constructor.newInstance(Constructor.java:423)
	at org.openqa.selenium.remote.W3CHandshakeResponse.lambda$new$0(W3CHandshakeResponse.java:57)
	at org.openqa.selenium.remote.W3CHandshakeResponse.lambda$getResponseFunction$2(W3CHandshakeResponse.java:104)
	at org.openqa.selenium.remote.ProtocolHandshake.lambda$createSession$0(ProtocolHandshake.java:123)
	at java.util.stream.ReferencePipeline$3$1.accept(ReferencePipeline.java:193)
	at java.util.Spliterators$ArraySpliterator.tryAdvance(Spliterators.java:958)
	at java.util.stream.ReferencePipeline.forEachWithCancel(ReferencePipeline.java:126)
	at java.util.stream.AbstractPipeline.copyIntoWithCancel(AbstractPipeline.java:498)
	at java.util.stream.AbstractPipeline.copyInto(AbstractPipeline.java:485)
	at java.util.stream.AbstractPipeline.wrapAndCopyInto(AbstractPipeline.java:471)
	at java.util.stream.FindOps$FindOp.evaluateSequential(FindOps.java:152)
	at java.util.stream.AbstractPipeline.evaluate(AbstractPipeline.java:234)
	at java.util.stream.ReferencePipeline.findFirst(ReferencePipeline.java:464)
	at org.openqa.selenium.remote.ProtocolHandshake.createSession(ProtocolHandshake.java:126)
	at org.openqa.selenium.remote.ProtocolHandshake.createSession(ProtocolHandshake.java:73)
	at org.openqa.selenium.remote.HttpCommandExecutor.execute(HttpCommandExecutor.java:142)
	at org.openqa.selenium.remote.service.DriverCommandExecutor.execute(DriverCommandExecutor.java:83)
	at org.openqa.selenium.remote.RemoteWebDriver.execute(RemoteWebDriver.java:600)
	at org.openqa.selenium.remote.RemoteWebDriver.startSession(RemoteWebDriver.java:219)
	at org.openqa.selenium.remote.RemoteWebDriver.<init>(RemoteWebDriver.java:142)
	at org.openqa.selenium.firefox.FirefoxDriver.<init>(FirefoxDriver.java:120)
	at org.openqa.selenium.firefox.FirefoxDriver.<init>(FirefoxDriver.java:98)
	at Pipeline.JenkinC.SeleniumTest.testfun1(SeleniumTest.java:14)
]]></failure>
  </testcase>
</testsuite>