<?xml version="1.0" encoding="UTF-8"?>
<testng-results skipped="0" failed="0" total="1" passed="1">
  <reporter-output>
  </reporter-output>
  <suite name="Pipeline.JenkinC.SeleniumTest" duration-ms="23185" started-at="2017-12-31T11:36:41Z" finished-at="2017-12-31T11:37:04Z">
    <groups>
    </groups>
    <test name="Command line test" duration-ms="23185" started-at="2017-12-31T11:36:41Z" finished-at="2017-12-31T11:37:04Z">
      <class name="Pipeline.JenkinC.SeleniumTest">
        <test-method status="PASS" signature="testfun1()[pri:0, instance:Pipeline.JenkinC.SeleniumTest@35f983a6]" name="testfun1" duration-ms="23168" started-at="2017-12-31T17:06:41Z" finished-at="2017-12-31T17:07:04Z">
          <reporter-output>
          </reporter-output>
        </test-method> <!-- testfun1 -->
      </class> <!-- Pipeline.JenkinC.SeleniumTest -->
    </test> <!-- Command line test -->
  </suite> <!-- Pipeline.JenkinC.SeleniumTest -->
</testng-results>
