<?xml version="1.0" encoding="UTF-8"?>
<testng-results skipped="0" failed="0" total="1" passed="1">
  <reporter-output>
  </reporter-output>
  <suite name="Suite" duration-ms="23008" started-at="2017-12-31T11:24:47Z" finished-at="2017-12-31T11:25:10Z">
    <groups>
    </groups>
    <test name="Test" duration-ms="23008" started-at="2017-12-31T11:24:47Z" finished-at="2017-12-31T11:25:10Z">
      <class name="Pipeline.JenkinC.SeleniumTest">
        <test-method status="PASS" signature="testfun1()[pri:0, instance:Pipeline.JenkinC.SeleniumTest@643b1d11]" name="testfun1" duration-ms="22973" started-at="2017-12-31T16:54:47Z" finished-at="2017-12-31T16:55:10Z">
          <reporter-output>
          </reporter-output>
        </test-method> <!-- testfun1 -->
      </class> <!-- Pipeline.JenkinC.SeleniumTest -->
    </test> <!-- Test -->
  </suite> <!-- Suite -->
</testng-results>
